[INFO] Scanning for projects...
[INFO] 
[INFO] ----------------------< com.prueba:menu-backend >-----------------------
[INFO] Building menu-backend 0.0.1-SNAPSHOT
[INFO]   from pom.xml
[INFO] --------------------------------[ jar ]---------------------------------
[INFO] 
[INFO] >>> spring-boot:3.5.16:run (default-cli) > test-compile @ menu-backend >>>
[INFO] 
[INFO] --- resources:3.3.1:resources (default-resources) @ menu-backend ---
[INFO] Copying 1 resource from src/main/resources to target/classes
[INFO] Copying 0 resource from src/main/resources to target/classes
[INFO] 
[INFO] --- compiler:3.14.1:compile (default-compile) @ menu-backend ---
[INFO] Nothing to compile - all classes are up to date.
[INFO] 
[INFO] --- resources:3.3.1:testResources (default-testResources) @ menu-backend ---
[INFO] skip non existing resourceDirectory /home/etumbaco-cal-r2/prueba-tecnica/backend/src/test/resources
[INFO] 
[INFO] --- compiler:3.14.1:testCompile (default-testCompile) @ menu-backend ---
[INFO] Nothing to compile - all classes are up to date.
[INFO] 
[INFO] <<< spring-boot:3.5.16:run (default-cli) < test-compile @ menu-backend <<<
[INFO] 
[INFO] 
[INFO] --- spring-boot:3.5.16:run (default-cli) @ menu-backend ---
[INFO] Attaching agents: []

  .   ____          _            __ _ _
 /\\ / ___'_ __ _ _(_)_ __  __ _ \ \ \ \
( ( )\___ | '_ | '_| | '_ \/ _` | \ \ \ \
 \\/  ___)| |_)| | | | | || (_| |  ) ) ) )
  '  |____| .__|_| |_|_| |_\__, | / / / /
 =========|_|==============|___/=/_/_/_/

 :: Spring Boot ::               (v3.5.16)

2026-07-08T10:43:31.487-05:00  INFO 28015 --- [menu-backend] [           main] com.prueba.menu.MenuBackendApplication   : Starting MenuBackendApplication using Java 17.0.12 with PID 28015 (/home/etumbaco-cal-r2/prueba-tecnica/backend/target/classes started by etumbaco-cal-r2 in /home/etumbaco-cal-r2/prueba-tecnica/backend)
2026-07-08T10:43:31.491-05:00  INFO 28015 --- [menu-backend] [           main] com.prueba.menu.MenuBackendApplication   : No active profile set, falling back to 1 default profile: "default"
2026-07-08T10:43:32.807-05:00  INFO 28015 --- [menu-backend] [           main] .s.d.r.c.RepositoryConfigurationDelegate : Bootstrapping Spring Data JPA repositories in DEFAULT mode.
2026-07-08T10:43:32.892-05:00  INFO 28015 --- [menu-backend] [           main] .s.d.r.c.RepositoryConfigurationDelegate : Finished Spring Data repository scanning in 70 ms. Found 2 JPA repository interfaces.
2026-07-08T10:43:33.672-05:00  INFO 28015 --- [menu-backend] [           main] o.s.b.w.embedded.tomcat.TomcatWebServer  : Tomcat initialized with port 8080 (http)
2026-07-08T10:43:33.697-05:00  INFO 28015 --- [menu-backend] [           main] o.apache.catalina.core.StandardService   : Starting service [Tomcat]
2026-07-08T10:43:33.697-05:00  INFO 28015 --- [menu-backend] [           main] o.apache.catalina.core.StandardEngine    : Starting Servlet engine: [Apache Tomcat/10.1.55]
2026-07-08T10:43:33.774-05:00  INFO 28015 --- [menu-backend] [           main] o.a.c.c.C.[Tomcat].[localhost].[/]       : Initializing Spring embedded WebApplicationContext
2026-07-08T10:43:33.776-05:00  INFO 28015 --- [menu-backend] [           main] w.s.c.ServletWebServerApplicationContext : Root WebApplicationContext: initialization completed in 2220 ms
2026-07-08T10:43:34.010-05:00  INFO 28015 --- [menu-backend] [           main] o.hibernate.jpa.internal.util.LogHelper  : HHH000204: Processing PersistenceUnitInfo [name: default]
2026-07-08T10:43:34.073-05:00  INFO 28015 --- [menu-backend] [           main] org.hibernate.Version                    : HHH000412: Hibernate ORM core version 6.6.53.Final
2026-07-08T10:43:34.118-05:00  INFO 28015 --- [menu-backend] [           main] o.h.c.internal.RegionFactoryInitiator    : HHH000026: Second-level cache disabled
2026-07-08T10:43:34.522-05:00  INFO 28015 --- [menu-backend] [           main] o.s.o.j.p.SpringPersistenceUnitInfo      : No LoadTimeWeaver setup: ignoring JPA class transformer
2026-07-08T10:43:34.570-05:00  INFO 28015 --- [menu-backend] [           main] com.zaxxer.hikari.HikariDataSource       : HikariPool-1 - Starting...
2026-07-08T10:43:34.835-05:00  INFO 28015 --- [menu-backend] [           main] com.zaxxer.hikari.pool.HikariPool        : HikariPool-1 - Added connection com.mysql.cj.jdbc.ConnectionImpl@5f0d8937
2026-07-08T10:43:34.838-05:00  INFO 28015 --- [menu-backend] [           main] com.zaxxer.hikari.HikariDataSource       : HikariPool-1 - Start completed.
2026-07-08T10:43:34.968-05:00  INFO 28015 --- [menu-backend] [           main] org.hibernate.orm.connections.pooling    : HHH10001005: Database info:
	Database JDBC URL [Connecting through datasource 'HikariDataSource (HikariPool-1)']
	Database driver: undefined/unknown
	Database version: 8.0.46
	Autocommit mode: undefined/unknown
	Isolation level: undefined/unknown
	Minimum pool size: undefined/unknown
	Maximum pool size: undefined/unknown
2026-07-08T10:43:36.410-05:00  INFO 28015 --- [menu-backend] [           main] o.h.e.t.j.p.i.JtaPlatformInitiator       : HHH000489: No JTA platform available (set 'hibernate.transaction.jta.platform' to enable JTA platform integration)
2026-07-08T10:43:36.415-05:00  INFO 28015 --- [menu-backend] [           main] j.LocalContainerEntityManagerFactoryBean : Initialized JPA EntityManagerFactory for persistence unit 'default'
2026-07-08T10:43:36.778-05:00  INFO 28015 --- [menu-backend] [           main] o.s.d.j.r.query.QueryEnhancerFactory     : Hibernate is in classpath; If applicable, HQL parser will be used.
2026-07-08T10:43:38.213-05:00  INFO 28015 --- [menu-backend] [           main] o.s.b.w.embedded.tomcat.TomcatWebServer  : Tomcat started on port 8080 (http) with context path '/'
2026-07-08T10:43:38.234-05:00  INFO 28015 --- [menu-backend] [           main] com.prueba.menu.MenuBackendApplication   : Started MenuBackendApplication in 7.403 seconds (process running for 7.927)
2026-07-08T10:43:39.982-05:00  INFO 28015 --- [menu-backend] [nio-8080-exec-1] o.a.c.c.C.[Tomcat].[localhost].[/]       : Initializing Spring DispatcherServlet 'dispatcherServlet'
2026-07-08T10:43:39.983-05:00  INFO 28015 --- [menu-backend] [nio-8080-exec-1] o.s.web.servlet.DispatcherServlet        : Initializing Servlet 'dispatcherServlet'
2026-07-08T10:43:39.985-05:00  INFO 28015 --- [menu-backend] [nio-8080-exec-1] o.s.web.servlet.DispatcherServlet        : Completed initialization in 1 ms
Hibernate: 
    select
        r1_0.id,
        r1_0.descripcion,
        r1_0.nombre 
    from
        rol r1_0
Hibernate: 
    select
        r1_0.id,
        r1_0.descripcion,
        r1_0.nombre 
    from
        rol r1_0
Hibernate: 
    select
        r1_0.id,
        r1_0.descripcion,
        r1_0.nombre 
    from
        rol r1_0
Hibernate: 
    select
        r1_0.id,
        r1_0.descripcion,
        r1_0.nombre 
    from
        rol r1_0
Hibernate: 
    select
        m1_0.id,
        m1_0.icono,
        m1_0.nombre,
        m1_0.orden,
        m1_0.id_modulo_padre,
        m1_0.ruta 
    from
        modulo m1_0 
    order by
        m1_0.orden
Hibernate: 
    select
        r1_0.id_modulo,
        r1_1.id,
        r1_1.descripcion,
        r1_1.nombre 
    from
        modulo_rol r1_0 
    join
        rol r1_1 
            on r1_1.id=r1_0.id_rol 
    where
        r1_0.id_modulo=?
Hibernate: 
    select
        r1_0.id_modulo,
        r1_1.id,
        r1_1.descripcion,
        r1_1.nombre 
    from
        modulo_rol r1_0 
    join
        rol r1_1 
            on r1_1.id=r1_0.id_rol 
    where
        r1_0.id_modulo=?
Hibernate: 
    select
        r1_0.id_modulo,
        r1_1.id,
        r1_1.descripcion,
        r1_1.nombre 
    from
        modulo_rol r1_0 
    join
        rol r1_1 
            on r1_1.id=r1_0.id_rol 
    where
        r1_0.id_modulo=?
Hibernate: 
    select
        r1_0.id_modulo,
        r1_1.id,
        r1_1.descripcion,
        r1_1.nombre 
    from
        modulo_rol r1_0 
    join
        rol r1_1 
            on r1_1.id=r1_0.id_rol 
    where
        r1_0.id_modulo=?
Hibernate: 
    select
        r1_0.id_modulo,
        r1_1.id,
        r1_1.descripcion,
        r1_1.nombre 
    from
        modulo_rol r1_0 
    join
        rol r1_1 
            on r1_1.id=r1_0.id_rol 
    where
        r1_0.id_modulo=?
Hibernate: 
    select
        r1_0.id_modulo,
        r1_1.id,
        r1_1.descripcion,
        r1_1.nombre 
    from
        modulo_rol r1_0 
    join
        rol r1_1 
            on r1_1.id=r1_0.id_rol 
    where
        r1_0.id_modulo=?
Hibernate: 
    select
        r1_0.id_modulo,
        r1_1.id,
        r1_1.descripcion,
        r1_1.nombre 
    from
        modulo_rol r1_0 
    join
        rol r1_1 
            on r1_1.id=r1_0.id_rol 
    where
        r1_0.id_modulo=?
Hibernate: 
    select
        r1_0.id_modulo,
        r1_1.id,
        r1_1.descripcion,
        r1_1.nombre 
    from
        modulo_rol r1_0 
    join
        rol r1_1 
            on r1_1.id=r1_0.id_rol 
    where
        r1_0.id_modulo=?
Hibernate: 
    select
        r1_0.id_modulo,
        r1_1.id,
        r1_1.descripcion,
        r1_1.nombre 
    from
        modulo_rol r1_0 
    join
        rol r1_1 
            on r1_1.id=r1_0.id_rol 
    where
        r1_0.id_modulo=?
Hibernate: 
    select
        r1_0.id_modulo,
        r1_1.id,
        r1_1.descripcion,
        r1_1.nombre 
    from
        modulo_rol r1_0 
    join
        rol r1_1 
            on r1_1.id=r1_0.id_rol 
    where
        r1_0.id_modulo=?
Hibernate: 
    select
        count(*) 
    from
        rol r1_0 
    where
        r1_0.id=?
Hibernate: 
    select
        distinct m1_0.id,
        m1_0.icono,
        m1_0.nombre,
        m1_0.orden,
        m1_0.id_modulo_padre,
        m1_0.ruta 
    from
        modulo m1_0 
    join
        modulo_rol r1_0 
            on m1_0.id=r1_0.id_modulo 
    where
        r1_0.id_rol=? 
    order by
        m1_0.orden
Hibernate: 
    select
        count(*) 
    from
        rol r1_0 
    where
        r1_0.id=?
Hibernate: 
    select
        distinct m1_0.id,
        m1_0.icono,
        m1_0.nombre,
        m1_0.orden,
        m1_0.id_modulo_padre,
        m1_0.ruta 
    from
        modulo m1_0 
    join
        modulo_rol r1_0 
            on m1_0.id=r1_0.id_modulo 
    where
        r1_0.id_rol=? 
    order by
        m1_0.orden
Hibernate: 
    select
        count(*) 
    from
        rol r1_0 
    where
        r1_0.id=?
Hibernate: 
    select
        distinct m1_0.id,
        m1_0.icono,
        m1_0.nombre,
        m1_0.orden,
        m1_0.id_modulo_padre,
        m1_0.ruta 
    from
        modulo m1_0 
    join
        modulo_rol r1_0 
            on m1_0.id=r1_0.id_modulo 
    where
        r1_0.id_rol=? 
    order by
        m1_0.orden
Hibernate: 
    select
        r1_0.id,
        r1_0.descripcion,
        r1_0.nombre 
    from
        rol r1_0
Hibernate: 
    select
        m1_0.id,
        m1_0.icono,
        m1_0.nombre,
        m1_0.orden,
        m1_0.id_modulo_padre,
        m1_0.ruta 
    from
        modulo m1_0 
    order by
        m1_0.orden
Hibernate: 
    select
        r1_0.id_modulo,
        r1_1.id,
        r1_1.descripcion,
        r1_1.nombre 
    from
        modulo_rol r1_0 
    join
        rol r1_1 
            on r1_1.id=r1_0.id_rol 
    where
        r1_0.id_modulo=?
Hibernate: 
    select
        r1_0.id_modulo,
        r1_1.id,
        r1_1.descripcion,
        r1_1.nombre 
    from
        modulo_rol r1_0 
    join
        rol r1_1 
            on r1_1.id=r1_0.id_rol 
    where
        r1_0.id_modulo=?
Hibernate: 
    select
        r1_0.id_modulo,
        r1_1.id,
        r1_1.descripcion,
        r1_1.nombre 
    from
        modulo_rol r1_0 
    join
        rol r1_1 
            on r1_1.id=r1_0.id_rol 
    where
        r1_0.id_modulo=?
Hibernate: 
    select
        r1_0.id_modulo,
        r1_1.id,
        r1_1.descripcion,
        r1_1.nombre 
    from
        modulo_rol r1_0 
    join
        rol r1_1 
            on r1_1.id=r1_0.id_rol 
    where
        r1_0.id_modulo=?
Hibernate: 
    select
        r1_0.id_modulo,
        r1_1.id,
        r1_1.descripcion,
        r1_1.nombre 
    from
        modulo_rol r1_0 
    join
        rol r1_1 
            on r1_1.id=r1_0.id_rol 
    where
        r1_0.id_modulo=?
Hibernate: 
    select
        r1_0.id_modulo,
        r1_1.id,
        r1_1.descripcion,
        r1_1.nombre 
    from
        modulo_rol r1_0 
    join
        rol r1_1 
            on r1_1.id=r1_0.id_rol 
    where
        r1_0.id_modulo=?
Hibernate: 
    select
        r1_0.id_modulo,
        r1_1.id,
        r1_1.descripcion,
        r1_1.nombre 
    from
        modulo_rol r1_0 
    join
        rol r1_1 
            on r1_1.id=r1_0.id_rol 
    where
        r1_0.id_modulo=?
Hibernate: 
    select
        r1_0.id_modulo,
        r1_1.id,
        r1_1.descripcion,
        r1_1.nombre 
    from
        modulo_rol r1_0 
    join
        rol r1_1 
            on r1_1.id=r1_0.id_rol 
    where
        r1_0.id_modulo=?
Hibernate: 
    select
        r1_0.id_modulo,
        r1_1.id,
        r1_1.descripcion,
        r1_1.nombre 
    from
        modulo_rol r1_0 
    join
        rol r1_1 
            on r1_1.id=r1_0.id_rol 
    where
        r1_0.id_modulo=?
Hibernate: 
    select
        r1_0.id_modulo,
        r1_1.id,
        r1_1.descripcion,
        r1_1.nombre 
    from
        modulo_rol r1_0 
    join
        rol r1_1 
            on r1_1.id=r1_0.id_rol 
    where
        r1_0.id_modulo=?
